<?xml version="1.0" encoding="UTF-8"?>
<!-- Generated by org.testng.reporters.JUnitXMLReporter -->
<testsuite ignored="6" hostname="LAPTOP-TAVTASOM" failures="2" tests="17" name="Samsat Test" time="64.472" errors="0" timestamp="2021-05-08T20:14:00 WIB">
  <testcase classname="Tests.SamsatTest" name="goToLoginPage" time="1.305"/>
  <testcase classname="Tests.SamsatTest" name="testLogin" time="0.317"/>
  <testcase classname="Tests.SamsatTest" name="goToSamsatTest" time="6.983"/>
  <testcase classname="Tests.SamsatTest" name="searchSamsatKeyword" time="2.315"/>
  <testcase classname="Tests.SamsatTest" name="goToSamsatBanten" time="0.104"/>
  <testcase classname="Tests.SamsatTest" name="InvalidMinSetKodePembayaran" time="0.415"/>
  <testcase classname="Tests.SamsatTest" name="ValidateInvalidMinKodePembayaran" time="5.973"/>
  <testcase classname="Tests.SamsatTest" name="InvalidMaxSetKodePembayaran" time="0.265"/>
  <testcase classname="Tests.SamsatTest" name="ValidateInvalidMaxKodePembayaran" time="2.68"/>
  <testcase classname="Tests.SamsatTest" name="InputValidSetKodePembayaran" time="0.239"/>
  <testcase classname="Tests.SamsatTest" name="ValidateValidKodePembayaran" time="1.066"/>
  <testcase classname="Tests.SamsatTest" name="checkOutSamsat" time="11.778">
    <failure type="org.openqa.selenium.NoSuchElementException" message="no such element: Unable to locate element: {&amp;quot;method&amp;quot;:&amp;quot;xpath&amp;quot;,&amp;quot;selector&amp;quot;:&amp;quot;//*[@id=&amp;quot;section-summary&amp;quot;]/div/div/div[1]/div[5]&amp;quot;}
  (Session info: chrome=90.0.4430.93)
For documentation on this error, please visit: https://www.seleniumhq.org/exceptions/no_such_element.html
Build info: version: &amp;apos;3.141.59&amp;apos;, revision: &amp;apos;e82be7d358&amp;apos;, time: &amp;apos;2018-11-14T08:17:03&amp;apos;
System info: host: &amp;apos;LAPTOP-TAVTASOM&amp;apos;, ip: &amp;apos;192.168.0.133&amp;apos;, os.name: &amp;apos;Windows 10&amp;apos;, os.arch: &amp;apos;amd64&amp;apos;, os.version: &amp;apos;10.0&amp;apos;, java.version: &amp;apos;15.0.1&amp;apos;
Driver info: org.openqa.selenium.chrome.ChromeDriver
Capabilities {acceptInsecureCerts: false, browserName: chrome, browserVersion: 90.0.4430.93, chrome: {chromedriverVersion: 90.0.4430.24 (4c6d850f087da..., userDataDir: C:\Users\HP\AppData\Local\T...}, goog:chromeOptions: {debuggerAddress: localhost:51078}, javascriptEnabled: true, networkConnectionEnabled: false, pageLoadStrategy: normal, platform: WINDOWS, platformName: WINDOWS, proxy: Proxy(), setWindowRect: true, strictFileInteractability: false, timeouts: {implicit: 0, pageLoad: 300000, script: 30000}, unhandledPromptBehavior: dismiss and notify, webauthn:extension:largeBlob: true, webauthn:virtualAuthenticators: true}
Session ID: 6876ff4b8fd02a49935197b5ad198b36
*** Element info: {Using=xpath, value=//*[@id=&amp;quot;section-summary&amp;quot;]/div/div/div[1]/div[5]}">
      <![CDATA[org.openqa.selenium.NoSuchElementException: no such element: Unable to locate element: {"method":"xpath","selector":"//*[@id="section-summary"]/div/div/div[1]/div[5]"}
  (Session info: chrome=90.0.4430.93)
For documentation on this error, please visit: https://www.seleniumhq.org/exceptions/no_such_element.html
Build info: version: '3.141.59', revision: 'e82be7d358', time: '2018-11-14T08:17:03'
System info: host: 'LAPTOP-TAVTASOM', ip: '192.168.0.133', os.name: 'Windows 10', os.arch: 'amd64', os.version: '10.0', java.version: '15.0.1'
Driver info: org.openqa.selenium.chrome.ChromeDriver
Capabilities {acceptInsecureCerts: false, browserName: chrome, browserVersion: 90.0.4430.93, chrome: {chromedriverVersion: 90.0.4430.24 (4c6d850f087da..., userDataDir: C:\Users\HP\AppData\Local\T...}, goog:chromeOptions: {debuggerAddress: localhost:51078}, javascriptEnabled: true, networkConnectionEnabled: false, pageLoadStrategy: normal, platform: WINDOWS, platformName: WINDOWS, proxy: Proxy(), setWindowRect: true, strictFileInteractability: false, timeouts: {implicit: 0, pageLoad: 300000, script: 30000}, unhandledPromptBehavior: dismiss and notify, webauthn:extension:largeBlob: true, webauthn:virtualAuthenticators: true}
Session ID: 6876ff4b8fd02a49935197b5ad198b36
*** Element info: {Using=xpath, value=//*[@id="section-summary"]/div/div/div[1]/div[5]}
at org.openqa.selenium.remote.http.W3CHttpResponseCodec.createException(W3CHttpResponseCodec.java:187)
at org.openqa.selenium.remote.http.W3CHttpResponseCodec.decode(W3CHttpResponseCodec.java:122)
at org.openqa.selenium.remote.http.W3CHttpResponseCodec.decode(W3CHttpResponseCodec.java:49)
at org.openqa.selenium.remote.HttpCommandExecutor.execute(HttpCommandExecutor.java:158)
at org.openqa.selenium.remote.service.DriverCommandExecutor.execute(DriverCommandExecutor.java:83)
at org.openqa.selenium.remote.RemoteWebDriver.execute(RemoteWebDriver.java:552)
at org.openqa.selenium.remote.RemoteWebDriver.findElement(RemoteWebDriver.java:323)
at org.openqa.selenium.remote.RemoteWebDriver.findElementByXPath(RemoteWebDriver.java:428)
at org.openqa.selenium.By$ByXPath.findElement(By.java:353)
at org.openqa.selenium.remote.RemoteWebDriver.findElement(RemoteWebDriver.java:315)
at org.openqa.selenium.support.pagefactory.DefaultElementLocator.findElement(DefaultElementLocator.java:69)
at org.openqa.selenium.support.pagefactory.internal.LocatingElementHandler.invoke(LocatingElementHandler.java:38)
at com.sun.proxy.$Proxy12.isDisplayed(Unknown Source)
at Pages.CheckoutPage.itemTotalIsDisplay(CheckoutPage.java:139)
at Tests.SamsatTest.checkOutSamsat(SamsatTest.java:279)
at java.base/java.util.ArrayList.forEach(ArrayList.java:1511)
... Removed 32 stack frames]]>
    </failure>
  </testcase> <!-- checkOutSamsat -->
  <testcase classname="Tests.SamsatTest" name="goToPaymentCenteronSamsat" time="0.133"/>
  <testcase classname="Tests.SamsatTest" name="PilihAlatBayaronSamsat" time="20.155"/>
  <testcase classname="Tests.SamsatTest" name="clickBayaronSamsat" time="0.977"/>
  <testcase classname="Tests.SamsatTest" name="TQPageTestonSamsat" time="5.927"/>
  <testcase classname="Tests.SamsatTest" name="DaftarTrxTestonSamsat" time="3.77">
    <failure type="java.lang.AssertionError" message="expected [Ringkasan Pembayaran] but found [null]">
      <![CDATA[java.lang.AssertionError: expected [Ringkasan Pembayaran] but found [null]
at Tests.SamsatTest.DaftarTrxTestonSamsat(SamsatTest.java:392)
at java.base/java.util.ArrayList.forEach(ArrayList.java:1511)
... Removed 33 stack frames]]>
    </failure>
  </testcase> <!-- DaftarTrxTestonSamsat -->
  <testcase classname="Tests.SamsatTest" name="setNomorMesin" time="0.0">
    <ignored/>
  </testcase> <!-- setNomorMesin -->
  <testcase classname="Tests.SamsatTest" name="setNomorPolisi" time="0.0">
    <ignored/>
  </testcase> <!-- setNomorPolisi -->
  <testcase classname="Tests.SamsatTest" name="goToCheckOutSamsatBanten" time="0.0">
    <ignored/>
  </testcase> <!-- goToCheckOutSamsatBanten -->
  <testcase classname="Tests.SamsatTest" name="goToCheckOutSamsatJatim" time="0.0">
    <ignored/>
  </testcase> <!-- goToCheckOutSamsatJatim -->
  <testcase classname="Tests.SamsatTest" name="goToSamsatJatim" time="0.0">
    <ignored/>
  </testcase> <!-- goToSamsatJatim -->
  <testcase classname="Tests.SamsatTest" name="setNomorKTP" time="0.0">
    <ignored/>
  </testcase> <!-- setNomorKTP -->
</testsuite> <!-- Samsat Test -->
