<?xml version="1.0" encoding="UTF-8"?>
<!-- Generated by org.testng.reporters.JUnitXMLReporter -->
<testsuite ignored="0" hostname="LAPTOP-TAVTASOM" failures="1" tests="2" name="Tests" time="1.086" errors="0" timestamp="2021-03-18T13:51:11 WIB">
  <testcase classname="Tests.LoginTest" name="goToLoginPage" time="0.752">
    <failure type="java.lang.AssertionError" message="expected [true] but found [false]">
      <![CDATA[java.lang.AssertionError: expected [true] but found [false]
at Pages.LoginPage.clickButtonLoginHome(LoginPage.java:45)
at Tests.LoginTest.goToLoginPage(LoginTest.java:43)
at java.base/java.util.ArrayList.forEach(ArrayList.java:1511)
... Removed 32 stack frames]]>
    </failure>
  </testcase> <!-- goToLoginPage -->
  <testcase classname="Tests.LoginTest" name="testLogin" time="0.289"/>
</testsuite> <!-- Tests -->
