<?xml version="1.0" encoding="UTF-8"?>
<!-- Generated by org.testng.reporters.JUnitXMLReporter -->
<testsuite ignored="7" hostname="LAPTOP-TAVTASOM" failures="1" tests="16" name="Test PBB" time="208.901" errors="0" timestamp="2021-04-12T20:47:47 WIB">
  <testcase classname="Tests.PbbTest" name="goToLoginPage" time="11.733"/>
  <testcase classname="Tests.PbbTest" name="testLogin" time="0.334"/>
  <testcase classname="Tests.PbbTest" name="goToPbbTest" time="11.481"/>
  <testcase classname="Tests.PbbTest" name="goToPbbJakarta" time="0.445"/>
  <testcase classname="Tests.PbbTest" name="inputNomorPajak" time="0.231"/>
  <testcase classname="Tests.PbbTest" name="logoPbbInputIsDisplay" time="0.259"/>
  <testcase classname="Tests.PbbTest" name="btnCancelIsDisplay" time="0.133"/>
  <testcase classname="Tests.PbbTest" name="clickListPajak" time="0.113"/>
  <testcase classname="Tests.PbbTest" name="textInputTahunPajakIsDisplay" time="0.074"/>
  <testcase classname="Tests.PbbTest" name="pilihTahunPajak" time="0.12"/>
  <testcase classname="Tests.PbbTest" name="goToCheckoutPbbJakarta" time="0.13"/>
  <testcase classname="Tests.PbbTest" name="checkOutPbb" time="22.597"/>
  <testcase classname="Tests.PbbTest" name="goToPaymentCenter" time="0.076"/>
  <testcase classname="Tests.PbbTest" name="PilihAlatBayar" time="120.556"/>
  <testcase classname="Tests.PbbTest" name="clickBayar" time="6.643"/>
  <testcase classname="Tests.PbbTest" name="DaftarTrxTest" time="33.89">
    <failure type="org.openqa.selenium.NoSuchElementException" message="no such element: Unable to locate element: {&amp;quot;method&amp;quot;:&amp;quot;xpath&amp;quot;,&amp;quot;selector&amp;quot;:&amp;quot;//*[@id=&amp;quot;myTransactionModal-AEP383PCA&amp;quot;]/div&amp;quot;}
  (Session info: chrome=89.0.4389.114)
For documentation on this error, please visit: https://www.seleniumhq.org/exceptions/no_such_element.html
Build info: version: &amp;apos;3.141.59&amp;apos;, revision: &amp;apos;e82be7d358&amp;apos;, time: &amp;apos;2018-11-14T08:17:03&amp;apos;
System info: host: &amp;apos;LAPTOP-TAVTASOM&amp;apos;, ip: &amp;apos;192.168.0.106&amp;apos;, os.name: &amp;apos;Windows 10&amp;apos;, os.arch: &amp;apos;amd64&amp;apos;, os.version: &amp;apos;10.0&amp;apos;, java.version: &amp;apos;15.0.1&amp;apos;
Driver info: org.openqa.selenium.chrome.ChromeDriver
Capabilities {acceptInsecureCerts: false, browserName: chrome, browserVersion: 89.0.4389.114, chrome: {chromedriverVersion: 88.0.4324.96 (68dba2d8a0b14..., userDataDir: C:\Users\HP\AppData\Local\T...}, goog:chromeOptions: {debuggerAddress: localhost:57639}, javascriptEnabled: true, networkConnectionEnabled: false, pageLoadStrategy: normal, platform: WINDOWS, platformName: WINDOWS, proxy: Proxy(), setWindowRect: true, strictFileInteractability: false, timeouts: {implicit: 0, pageLoad: 300000, script: 30000}, unhandledPromptBehavior: dismiss and notify, webauthn:extension:largeBlob: true, webauthn:virtualAuthenticators: true}
Session ID: 4c44ebedbc6792951a7164953503f4d4
*** Element info: {Using=xpath, value=//*[@id=&amp;quot;myTransactionModal-AEP383PCA&amp;quot;]/div}">
      <![CDATA[org.openqa.selenium.NoSuchElementException: no such element: Unable to locate element: {"method":"xpath","selector":"//*[@id="myTransactionModal-AEP383PCA"]/div"}
  (Session info: chrome=89.0.4389.114)
For documentation on this error, please visit: https://www.seleniumhq.org/exceptions/no_such_element.html
Build info: version: '3.141.59', revision: 'e82be7d358', time: '2018-11-14T08:17:03'
System info: host: 'LAPTOP-TAVTASOM', ip: '192.168.0.106', os.name: 'Windows 10', os.arch: 'amd64', os.version: '10.0', java.version: '15.0.1'
Driver info: org.openqa.selenium.chrome.ChromeDriver
Capabilities {acceptInsecureCerts: false, browserName: chrome, browserVersion: 89.0.4389.114, chrome: {chromedriverVersion: 88.0.4324.96 (68dba2d8a0b14..., userDataDir: C:\Users\HP\AppData\Local\T...}, goog:chromeOptions: {debuggerAddress: localhost:57639}, javascriptEnabled: true, networkConnectionEnabled: false, pageLoadStrategy: normal, platform: WINDOWS, platformName: WINDOWS, proxy: Proxy(), setWindowRect: true, strictFileInteractability: false, timeouts: {implicit: 0, pageLoad: 300000, script: 30000}, unhandledPromptBehavior: dismiss and notify, webauthn:extension:largeBlob: true, webauthn:virtualAuthenticators: true}
Session ID: 4c44ebedbc6792951a7164953503f4d4
*** Element info: {Using=xpath, value=//*[@id="myTransactionModal-AEP383PCA"]/div}
at org.openqa.selenium.remote.http.W3CHttpResponseCodec.createException(W3CHttpResponseCodec.java:187)
at org.openqa.selenium.remote.http.W3CHttpResponseCodec.decode(W3CHttpResponseCodec.java:122)
at org.openqa.selenium.remote.http.W3CHttpResponseCodec.decode(W3CHttpResponseCodec.java:49)
at org.openqa.selenium.remote.HttpCommandExecutor.execute(HttpCommandExecutor.java:158)
at org.openqa.selenium.remote.service.DriverCommandExecutor.execute(DriverCommandExecutor.java:83)
at org.openqa.selenium.remote.RemoteWebDriver.execute(RemoteWebDriver.java:552)
at org.openqa.selenium.remote.RemoteWebDriver.findElement(RemoteWebDriver.java:323)
at org.openqa.selenium.remote.RemoteWebDriver.findElementByXPath(RemoteWebDriver.java:428)
at org.openqa.selenium.By$ByXPath.findElement(By.java:353)
at org.openqa.selenium.remote.RemoteWebDriver.findElement(RemoteWebDriver.java:315)
at org.openqa.selenium.support.pagefactory.DefaultElementLocator.findElement(DefaultElementLocator.java:69)
at org.openqa.selenium.support.pagefactory.internal.LocatingElementHandler.invoke(LocatingElementHandler.java:38)
at com.sun.proxy.$Proxy12.isDisplayed(Unknown Source)
at Pages.DaftarTrxPage.popUpDaftarTrxIsDisplay(DaftarTrxPage.java:371)
at Tests.PbbTest.DaftarTrxTest(PbbTest.java:364)
at java.base/java.util.ArrayList.forEach(ArrayList.java:1511)
... Removed 32 stack frames]]>
    </failure>
  </testcase> <!-- DaftarTrxTest -->
  <testcase classname="Tests.PbbTest" name="clickListPajakTangsel" time="0.0">
    <ignored/>
  </testcase> <!-- clickListPajakTangsel -->
  <testcase classname="Tests.PbbTest" name="logoPBBTangselInputIsDisplay" time="0.0">
    <ignored/>
  </testcase> <!-- logoPBBTangselInputIsDisplay -->
  <testcase classname="Tests.PbbTest" name="pilihTahunPajakTangsel" time="0.0">
    <ignored/>
  </testcase> <!-- pilihTahunPajakTangsel -->
  <testcase classname="Tests.PbbTest" name="textInputTahunPajakTangselIsDisplay" time="0.0">
    <ignored/>
  </testcase> <!-- textInputTahunPajakTangselIsDisplay -->
  <testcase classname="Tests.PbbTest" name="btnCancelTangselIsDisplay" time="0.0">
    <ignored/>
  </testcase> <!-- btnCancelTangselIsDisplay -->
  <testcase classname="Tests.PbbTest" name="goToPbbTangsel" time="0.0">
    <ignored/>
  </testcase> <!-- goToPbbTangsel -->
  <testcase classname="Tests.PbbTest" name="goToCheckoutPbbTangsel" time="0.0">
    <ignored/>
  </testcase> <!-- goToCheckoutPbbTangsel -->
</testsuite> <!-- Test PBB -->
