<?xml version="1.0" encoding="UTF-8"?>
<!-- Generated by org.testng.reporters.JUnitXMLReporter -->
<testsuite ignored="0" hostname="LAPTOP-TAVTASOM" failures="1" tests="15" name="Test PDAM" time="70.881" errors="0" timestamp="2021-05-01T12:26:51 WIB">
  <testcase classname="Tests.PdamTest" name="goToLoginPage" time="0.554"/>
  <testcase classname="Tests.PdamTest" name="testLogin" time="0.352"/>
  <testcase classname="Tests.PdamTest" name="goToPdamTest" time="8.836"/>
  <testcase classname="Tests.PdamTest" name="pilihNamaPDAM" time="0.205"/>
  <testcase classname="Tests.PdamTest" name="inputTextPDAM" time="0.272"/>
  <testcase classname="Tests.PdamTest" name="selectInputTextPDAM" time="0.144"/>
  <testcase classname="Tests.PdamTest" name="btnCancelIsDisplay" time="0.485">
    <failure type="java.lang.AssertionError" message="expected [true] but found [false]">
      <![CDATA[java.lang.AssertionError: expected [true] but found [false]
at Pages.PdamPages.btnCancelIsDisplay(PdamPages.java:88)
at Tests.PdamTest.btnCancelIsDisplay(PdamTest.java:114)
at java.base/java.util.ArrayList.forEach(ArrayList.java:1511)
... Removed 32 stack frames]]>
    </failure>
  </testcase> <!-- btnCancelIsDisplay -->
  <testcase classname="Tests.PdamTest" name="inputCustomerNoPDAM" time="0.157"/>
  <testcase classname="Tests.PdamTest" name="goToCheckoutPDAM" time="0.107"/>
  <testcase classname="Tests.PdamTest" name="checkOutPDAM" time="2.701"/>
  <testcase classname="Tests.PdamTest" name="goToPaymentCenter" time="0.112"/>
  <testcase classname="Tests.PdamTest" name="PilihAlatBayar" time="45.349"/>
  <testcase classname="Tests.PdamTest" name="clickBayar" time="1.018"/>
  <testcase classname="Tests.PdamTest" name="TQPageTest" time="5.768"/>
  <testcase classname="Tests.PdamTest" name="DaftarTrxTest" time="4.783"/>
</testsuite> <!-- Test PDAM -->
