<?xml version="1.0" encoding="UTF-8"?>
<!-- Generated by org.testng.reporters.JUnitXMLReporter -->
<testsuite ignored="2" hostname="LAPTOP-TAVTASOM" failures="2" tests="35" name="Tests" time="126.95" errors="0" timestamp="2021-05-14T17:46:27 WIB">
  <testcase classname="Tests.HomePageTest" name="goToLoginPage" time="4.332"/>
  <testcase classname="Tests.HomePageTest" name="testLogin" time="0.613"/>
  <testcase classname="Tests.HomePageTest" name="UITestLogo" time="8.889"/>
  <testcase classname="Tests.HomePageTest" name="verifyPageTitle" time="0.022"/>
  <testcase classname="Tests.HomePageTest" name="UITestFacebook" time="0.289"/>
  <testcase classname="Tests.HomePageTest" name="UITestInstagram" time="0.151"/>
  <testcase classname="Tests.HomePageTest" name="UITestDownload" time="0.216"/>
  <testcase classname="Tests.HomePageTest" name="UITestLayananPelanggan" time="0.137"/>
  <testcase classname="Tests.HomePageTest" name="UITestDaftarTrx" time="0.076"/>
  <testcase classname="Tests.HomePageTest" name="UITestItemSaldo" time="0.191"/>
  <testcase classname="Tests.HomePageTest" name="UITestUserProfile" time="0.091"/>
  <testcase classname="Tests.HomePageTest" name="UITestSearch" time="0.146"/>
  <testcase classname="Tests.HomePageTest" name="UITestBanner" time="0.141"/>
  <testcase classname="Tests.HomePageTest" name="searchPulsa" time="6.243"/>
  <testcase classname="Tests.HomePageTest" name="searchPLN" time="6.554"/>
  <testcase classname="Tests.HomePageTest" name="searchSamsat" time="1.416">
    <failure type="org.openqa.selenium.StaleElementReferenceException" message="stale element reference: element is not attached to the page document
  (Session info: chrome=90.0.4430.212)
For documentation on this error, please visit: https://www.seleniumhq.org/exceptions/stale_element_reference.html
Build info: version: &amp;apos;3.141.59&amp;apos;, revision: &amp;apos;e82be7d358&amp;apos;, time: &amp;apos;2018-11-14T08:17:03&amp;apos;
System info: host: &amp;apos;LAPTOP-TAVTASOM&amp;apos;, ip: &amp;apos;192.168.0.111&amp;apos;, os.name: &amp;apos;Windows 10&amp;apos;, os.arch: &amp;apos;amd64&amp;apos;, os.version: &amp;apos;10.0&amp;apos;, java.version: &amp;apos;15.0.1&amp;apos;
Driver info: org.openqa.selenium.chrome.ChromeDriver
Capabilities {acceptInsecureCerts: false, browserName: chrome, browserVersion: 90.0.4430.212, chrome: {chromedriverVersion: 90.0.4430.24 (4c6d850f087da..., userDataDir: C:\Users\HP\AppData\Local\T...}, goog:chromeOptions: {debuggerAddress: localhost:51142}, javascriptEnabled: true, networkConnectionEnabled: false, pageLoadStrategy: normal, platform: WINDOWS, platformName: WINDOWS, proxy: Proxy(), setWindowRect: true, strictFileInteractability: false, timeouts: {implicit: 0, pageLoad: 300000, script: 30000}, unhandledPromptBehavior: dismiss and notify, webauthn:extension:largeBlob: true, webauthn:virtualAuthenticators: true}
Session ID: 0ff722b37ef62bd60aea6405a379ce07">
      <![CDATA[org.openqa.selenium.StaleElementReferenceException: stale element reference: element is not attached to the page document
  (Session info: chrome=90.0.4430.212)
For documentation on this error, please visit: https://www.seleniumhq.org/exceptions/stale_element_reference.html
Build info: version: '3.141.59', revision: 'e82be7d358', time: '2018-11-14T08:17:03'
System info: host: 'LAPTOP-TAVTASOM', ip: '192.168.0.111', os.name: 'Windows 10', os.arch: 'amd64', os.version: '10.0', java.version: '15.0.1'
Driver info: org.openqa.selenium.chrome.ChromeDriver
Capabilities {acceptInsecureCerts: false, browserName: chrome, browserVersion: 90.0.4430.212, chrome: {chromedriverVersion: 90.0.4430.24 (4c6d850f087da..., userDataDir: C:\Users\HP\AppData\Local\T...}, goog:chromeOptions: {debuggerAddress: localhost:51142}, javascriptEnabled: true, networkConnectionEnabled: false, pageLoadStrategy: normal, platform: WINDOWS, platformName: WINDOWS, proxy: Proxy(), setWindowRect: true, strictFileInteractability: false, timeouts: {implicit: 0, pageLoad: 300000, script: 30000}, unhandledPromptBehavior: dismiss and notify, webauthn:extension:largeBlob: true, webauthn:virtualAuthenticators: true}
Session ID: 0ff722b37ef62bd60aea6405a379ce07
at org.openqa.selenium.remote.http.W3CHttpResponseCodec.createException(W3CHttpResponseCodec.java:187)
at org.openqa.selenium.remote.http.W3CHttpResponseCodec.decode(W3CHttpResponseCodec.java:122)
at org.openqa.selenium.remote.http.W3CHttpResponseCodec.decode(W3CHttpResponseCodec.java:49)
at org.openqa.selenium.remote.HttpCommandExecutor.execute(HttpCommandExecutor.java:158)
at org.openqa.selenium.remote.service.DriverCommandExecutor.execute(DriverCommandExecutor.java:83)
at org.openqa.selenium.remote.RemoteWebDriver.execute(RemoteWebDriver.java:552)
at org.openqa.selenium.remote.RemoteWebElement.execute(RemoteWebElement.java:285)
at org.openqa.selenium.remote.RemoteWebElement.isDisplayed(RemoteWebElement.java:326)
at org.openqa.selenium.support.pagefactory.internal.LocatingElementHandler.invoke(LocatingElementHandler.java:51)
at com.sun.proxy.$Proxy12.isDisplayed(Unknown Source)
at org.openqa.selenium.support.ui.ExpectedConditions.elementIfVisible(ExpectedConditions.java:314)
at org.openqa.selenium.support.ui.ExpectedConditions.access$000(ExpectedConditions.java:43)
at org.openqa.selenium.support.ui.ExpectedConditions$10.apply(ExpectedConditions.java:300)
at org.openqa.selenium.support.ui.ExpectedConditions$10.apply(ExpectedConditions.java:297)
at org.openqa.selenium.support.ui.ExpectedConditions$23.apply(ExpectedConditions.java:670)
at org.openqa.selenium.support.ui.ExpectedConditions$23.apply(ExpectedConditions.java:666)
at org.openqa.selenium.support.ui.FluentWait.until(FluentWait.java:249)
at PageFactory.LoginWithPageFactory.waitElementClickable(LoginWithPageFactory.java:79)
at Pages.HomePageVirtual.clickSearchSamsatKeyword(HomePageVirtual.java:300)
at Tests.HomePageTest.searchSamsat(HomePageTest.java:254)
at java.base/java.util.ArrayList.forEach(ArrayList.java:1511)
... Removed 36 stack frames]]>
    </failure>
  </testcase> <!-- searchSamsat -->
  <testcase classname="Tests.HomePageTest" name="searchBPJS" time="11.871"/>
  <testcase classname="Tests.HomePageTest" name="searchPBB" time="1.39">
    <failure type="org.openqa.selenium.StaleElementReferenceException" message="stale element reference: element is not attached to the page document
  (Session info: chrome=90.0.4430.212)
For documentation on this error, please visit: https://www.seleniumhq.org/exceptions/stale_element_reference.html
Build info: version: &amp;apos;3.141.59&amp;apos;, revision: &amp;apos;e82be7d358&amp;apos;, time: &amp;apos;2018-11-14T08:17:03&amp;apos;
System info: host: &amp;apos;LAPTOP-TAVTASOM&amp;apos;, ip: &amp;apos;192.168.0.111&amp;apos;, os.name: &amp;apos;Windows 10&amp;apos;, os.arch: &amp;apos;amd64&amp;apos;, os.version: &amp;apos;10.0&amp;apos;, java.version: &amp;apos;15.0.1&amp;apos;
Driver info: org.openqa.selenium.chrome.ChromeDriver
Capabilities {acceptInsecureCerts: false, browserName: chrome, browserVersion: 90.0.4430.212, chrome: {chromedriverVersion: 90.0.4430.24 (4c6d850f087da..., userDataDir: C:\Users\HP\AppData\Local\T...}, goog:chromeOptions: {debuggerAddress: localhost:51142}, javascriptEnabled: true, networkConnectionEnabled: false, pageLoadStrategy: normal, platform: WINDOWS, platformName: WINDOWS, proxy: Proxy(), setWindowRect: true, strictFileInteractability: false, timeouts: {implicit: 0, pageLoad: 300000, script: 30000}, unhandledPromptBehavior: dismiss and notify, webauthn:extension:largeBlob: true, webauthn:virtualAuthenticators: true}
Session ID: 0ff722b37ef62bd60aea6405a379ce07">
      <![CDATA[org.openqa.selenium.StaleElementReferenceException: stale element reference: element is not attached to the page document
  (Session info: chrome=90.0.4430.212)
For documentation on this error, please visit: https://www.seleniumhq.org/exceptions/stale_element_reference.html
Build info: version: '3.141.59', revision: 'e82be7d358', time: '2018-11-14T08:17:03'
System info: host: 'LAPTOP-TAVTASOM', ip: '192.168.0.111', os.name: 'Windows 10', os.arch: 'amd64', os.version: '10.0', java.version: '15.0.1'
Driver info: org.openqa.selenium.chrome.ChromeDriver
Capabilities {acceptInsecureCerts: false, browserName: chrome, browserVersion: 90.0.4430.212, chrome: {chromedriverVersion: 90.0.4430.24 (4c6d850f087da..., userDataDir: C:\Users\HP\AppData\Local\T...}, goog:chromeOptions: {debuggerAddress: localhost:51142}, javascriptEnabled: true, networkConnectionEnabled: false, pageLoadStrategy: normal, platform: WINDOWS, platformName: WINDOWS, proxy: Proxy(), setWindowRect: true, strictFileInteractability: false, timeouts: {implicit: 0, pageLoad: 300000, script: 30000}, unhandledPromptBehavior: dismiss and notify, webauthn:extension:largeBlob: true, webauthn:virtualAuthenticators: true}
Session ID: 0ff722b37ef62bd60aea6405a379ce07
at org.openqa.selenium.remote.http.W3CHttpResponseCodec.createException(W3CHttpResponseCodec.java:187)
at org.openqa.selenium.remote.http.W3CHttpResponseCodec.decode(W3CHttpResponseCodec.java:122)
at org.openqa.selenium.remote.http.W3CHttpResponseCodec.decode(W3CHttpResponseCodec.java:49)
at org.openqa.selenium.remote.HttpCommandExecutor.execute(HttpCommandExecutor.java:158)
at org.openqa.selenium.remote.service.DriverCommandExecutor.execute(DriverCommandExecutor.java:83)
at org.openqa.selenium.remote.RemoteWebDriver.execute(RemoteWebDriver.java:552)
at org.openqa.selenium.remote.RemoteWebElement.execute(RemoteWebElement.java:285)
at org.openqa.selenium.remote.RemoteWebElement.click(RemoteWebElement.java:84)
at org.openqa.selenium.support.pagefactory.internal.LocatingElementHandler.invoke(LocatingElementHandler.java:51)
at com.sun.proxy.$Proxy12.click(Unknown Source)
at Pages.HomePageVirtual.clickSearchPBBKeyword(HomePageVirtual.java:351)
at Tests.HomePageTest.searchPBB(HomePageTest.java:285)
at java.base/java.util.ArrayList.forEach(ArrayList.java:1511)
... Removed 37 stack frames]]>
    </failure>
  </testcase> <!-- searchPBB -->
  <testcase classname="Tests.HomePageTest" name="searchPDAM" time="8.259"/>
  <testcase classname="Tests.HomePageTest" name="validateCategoryPulsa" time="3.93"/>
  <testcase classname="Tests.HomePageTest" name="validateCategoryEmoney" time="2.773"/>
  <testcase classname="Tests.HomePageTest" name="validateCategoryESasmat" time="5.281"/>
  <testcase classname="Tests.HomePageTest" name="validateCategoryPLN" time="2.361"/>
  <testcase classname="Tests.HomePageTest" name="validateCategoryBPJS" time="2.529"/>
  <testcase classname="Tests.HomePageTest" name="validateCategoryInternet" time="3.694"/>
  <testcase classname="Tests.HomePageTest" name="validateCategoryGame" time="2.564"/>
  <testcase classname="Tests.HomePageTest" name="validateCategoryStreaming" time="2.168"/>
  <testcase classname="Tests.HomePageTest" name="validateCategoryGas" time="7.106"/>
  <testcase classname="Tests.HomePageTest" name="validateCategoryPBB" time="11.483"/>
  <testcase classname="Tests.HomePageTest" name="validateCategoryPDAM" time="1.606"/>
  <testcase classname="Tests.HomePageTest" name="validateCategoryTelomPascaBayar" time="2.915"/>
  <testcase classname="Tests.HomePageTest" name="validateCategoryIPL" time="2.192"/>
  <testcase classname="Tests.HomePageTest" name="validateCategoryAsuransi" time="2.575"/>
  <testcase classname="Tests.HomePageTest" name="validateCategoryMultiFinance" time="3.673"/>
  <testcase classname="Tests.HomePageTest" name="validateCategoryPendidikan" time="18.837"/>
  <testcase classname="Tests.HomePageTest" name="btnPrevBannerVirtualValidate" time="0.0">
    <ignored/>
  </testcase> <!-- btnPrevBannerVirtualValidate -->
  <testcase classname="Tests.HomePageTest" name="btnNextBannerVirtualValidate" time="0.0">
    <ignored/>
  </testcase> <!-- btnNextBannerVirtualValidate -->
</testsuite> <!-- Tests -->
